2019-03-18 23:13:10.933  INFO 16471 --- [main] s.c.a.AnnotationConfigApplicationContext : Refreshing org.springframework.context.annotation.AnnotationConfigApplicationContext@1677d1: startup date [Mon Mar 18 23:13:10 CST 2019]; root of context hierarchy
2019-03-18 23:13:12.055  INFO 16471 --- [main] trationDelegate$BeanPostProcessorChecker : Bean 'configurationPropertiesRebinderAutoConfiguration' of type [org.springframework.cloud.autoconfigure.ConfigurationPropertiesRebinderAutoConfiguration$$EnhancerBySpringCGLIB$$9d390eb] is not eligible for getting processed by all BeanPostProcessors (for example: not eligible for auto-proxying)
2019-03-18 23:13:12.836  INFO 16471 --- [main] c.c.c.ConfigServicePropertySourceLocator : Fetching config from server at: http://localhost:8888/config
2019-03-18 23:13:13.509  INFO 16471 --- [main] c.c.c.ConfigServicePropertySourceLocator : Located environment: name=sso-client-springboot, profiles=[dev], label=null, version=null, state=null
2019-03-18 23:13:13.510  INFO 16471 --- [main] b.c.PropertySourceBootstrapConfiguration : Located property source: CompositePropertySource [name='configService', propertySources=[MapPropertySource [name='classpath:/config/sso-client-springboot-dev.properties']]]
2019-03-18 23:13:13.649  INFO 16471 --- [main] client.SpringBootClientApplication       : The following profiles are active: dev
2019-03-18 23:13:13.683  INFO 16471 --- [main] ationConfigEmbeddedWebApplicationContext : Refreshing org.springframework.boot.context.embedded.AnnotationConfigEmbeddedWebApplicationContext@17aad511: startup date [Mon Mar 18 23:13:13 CST 2019]; parent: org.springframework.context.annotation.AnnotationConfigApplicationContext@1677d1
2019-03-18 23:13:14.756  WARN 16471 --- [main] o.m.s.mapper.ClassPathMapperScanner      : No MyBatis mapper was found in '[client]' package. Please check your configuration.
2019-03-18 23:13:15.132  INFO 16471 --- [main] o.s.cloud.context.scope.GenericScope     : BeanFactory id=da215696-5144-3972-ba96-e5733444e7bb
2019-03-18 23:13:15.347  INFO 16471 --- [main] trationDelegate$BeanPostProcessorChecker : Bean 'org.springframework.transaction.annotation.ProxyTransactionManagementConfiguration' of type [org.springframework.transaction.annotation.ProxyTransactionManagementConfiguration$$EnhancerBySpringCGLIB$$edb98dee] is not eligible for getting processed by all BeanPostProcessors (for example: not eligible for auto-proxying)
2019-03-18 23:13:15.394  INFO 16471 --- [main] trationDelegate$BeanPostProcessorChecker : Bean 'org.springframework.cloud.autoconfigure.ConfigurationPropertiesRebinderAutoConfiguration' of type [org.springframework.cloud.autoconfigure.ConfigurationPropertiesRebinderAutoConfiguration$$EnhancerBySpringCGLIB$$9d390eb] is not eligible for getting processed by all BeanPostProcessors (for example: not eligible for auto-proxying)
2019-03-18 23:13:15.791  INFO 16471 --- [main] s.b.c.e.t.TomcatEmbeddedServletContainer : Tomcat initialized with port(s): 8091 (http)
2019-03-18 23:13:15.813  INFO 16471 --- [main] o.apache.catalina.core.StandardService   : Starting service Tomcat
2019-03-18 23:13:15.820  INFO 16471 --- [main] org.apache.catalina.core.StandardEngine  : Starting Servlet Engine: Apache Tomcat/8.5.14
2019-03-18 23:13:16.250  INFO 16471 --- [localhost-startStop-1] org.apache.jasper.servlet.TldScanner     : At least one JAR was scanned for TLDs yet contained no TLDs. Enable debug logging for this logger for a complete list of JARs that were scanned but no TLDs were found in them. Skipping unneeded JARs during scanning can improve startup time and JSP compilation time.
2019-03-18 23:13:16.263  INFO 16471 --- [localhost-startStop-1] o.a.c.c.C.[Tomcat].[localhost].[/]       : Initializing Spring embedded WebApplicationContext
2019-03-18 23:13:16.263  INFO 16471 --- [localhost-startStop-1] o.s.web.context.ContextLoader            : Root WebApplicationContext: initialization completed in 2580 ms
2019-03-18 23:13:16.322  WARN 16471 --- [localhost-startStop-1] figurationPropertiesBindingPostProcessor : The @ConfigurationProperties bean class net.unicon.cas.client.configuration.CasClientConfigurationProperties contains validation constraints but had not been annotated with @Validated.
2019-03-18 23:13:16.323  WARN 16471 --- [localhost-startStop-1] figurationPropertiesBindingPostProcessor : The @ConfigurationProperties bean class net.unicon.cas.client.configuration.CasClientConfigurationProperties contains validation constraints but had not been annotated with @Validated.
2019-03-18 23:13:16.331  WARN 16471 --- [localhost-startStop-1] figurationPropertiesBindingPostProcessor : The @ConfigurationProperties bean class net.unicon.cas.client.configuration.CasClientConfigurationProperties contains validation constraints but had not been annotated with @Validated.
2019-03-18 23:13:16.712  INFO 16471 --- [localhost-startStop-1] o.s.b.w.servlet.FilterRegistrationBean   : Mapping filter: 'characterEncodingFilter' to: [/*]
2019-03-18 23:13:16.714  INFO 16471 --- [localhost-startStop-1] o.s.b.w.servlet.FilterRegistrationBean   : Mapping filter: 'hiddenHttpMethodFilter' to: [/*]
2019-03-18 23:13:16.715  INFO 16471 --- [localhost-startStop-1] o.s.b.w.servlet.FilterRegistrationBean   : Mapping filter: 'httpPutFormContentFilter' to: [/*]
2019-03-18 23:13:16.715  INFO 16471 --- [localhost-startStop-1] o.s.b.w.servlet.FilterRegistrationBean   : Mapping filter: 'requestContextFilter' to: [/*]
2019-03-18 23:13:16.716  INFO 16471 --- [localhost-startStop-1] o.s.b.w.servlet.FilterRegistrationBean   : Mapping filter: 'cas30ProxyReceivingTicketValidationFilter' to: [/*]
2019-03-18 23:13:16.716  INFO 16471 --- [localhost-startStop-1] o.s.b.w.servlet.FilterRegistrationBean   : Mapping filter: 'authenticationFilter' to: [/*]
2019-03-18 23:13:16.716  INFO 16471 --- [localhost-startStop-1] o.s.b.w.servlet.FilterRegistrationBean   : Mapping filter: 'httpServletRequestWrapperFilter' to: [/*]
2019-03-18 23:13:16.716  INFO 16471 --- [localhost-startStop-1] o.s.b.w.servlet.FilterRegistrationBean   : Mapping filter: 'assertionThreadLocalFilter' to: [/*]
2019-03-18 23:13:16.717  INFO 16471 --- [localhost-startStop-1] o.s.b.w.servlet.ServletRegistrationBean  : Mapping servlet: 'dispatcherServlet' to [/]
2019-03-18 23:13:16.770  INFO 16471 --- [localhost-startStop-1] .j.c.c.c.WebXmlConfigurationStrategyImpl : Property [serverName] loaded from FilterConfig.getInitParameter with value [http://localhost:8091]
2019-03-18 23:13:16.775  INFO 16471 --- [localhost-startStop-1] .j.c.c.c.WebXmlConfigurationStrategyImpl : Property [casServerUrlPrefix] loaded from FilterConfig.getInitParameter with value [http://localhost:8081/cas]
2019-03-18 23:13:16.807  INFO 16471 --- [localhost-startStop-1] .j.c.c.c.WebXmlConfigurationStrategyImpl : Property [serverName] loaded from FilterConfig.getInitParameter with value [http://localhost:8091]
2019-03-18 23:13:16.816  INFO 16471 --- [localhost-startStop-1] .j.c.c.c.WebXmlConfigurationStrategyImpl : Property [casServerLoginUrl] loaded from FilterConfig.getInitParameter with value [http://localhost:8081/cas/login]
2019-03-18 23:13:17.426  INFO 16471 --- [main] s.w.s.m.m.a.RequestMappingHandlerAdapter : Looking for @ControllerAdvice: org.springframework.boot.context.embedded.AnnotationConfigEmbeddedWebApplicationContext@17aad511: startup date [Mon Mar 18 23:13:13 CST 2019]; parent: org.springframework.context.annotation.AnnotationConfigApplicationContext@1677d1
2019-03-18 23:13:17.533  INFO 16471 --- [main] s.w.s.m.m.a.RequestMappingHandlerMapping : Mapped "{[/test/testA],methods=[GET]}" onto public java.lang.String client.controller.TestController.testA()
2019-03-18 23:13:17.537  INFO 16471 --- [main] s.w.s.m.m.a.RequestMappingHandlerMapping : Mapped "{[/error]}" onto public org.springframework.http.ResponseEntity<java.util.Map<java.lang.String, java.lang.Object>> org.springframework.boot.autoconfigure.web.BasicErrorController.error(javax.servlet.http.HttpServletRequest)
2019-03-18 23:13:17.538  INFO 16471 --- [main] s.w.s.m.m.a.RequestMappingHandlerMapping : Mapped "{[/error],produces=[text/html]}" onto public org.springframework.web.servlet.ModelAndView org.springframework.boot.autoconfigure.web.BasicErrorController.errorHtml(javax.servlet.http.HttpServletRequest,javax.servlet.http.HttpServletResponse)
2019-03-18 23:13:17.594  INFO 16471 --- [main] o.s.w.s.handler.SimpleUrlHandlerMapping  : Mapped URL path [/webjars/**] onto handler of type [class org.springframework.web.servlet.resource.ResourceHttpRequestHandler]
2019-03-18 23:13:17.594  INFO 16471 --- [main] o.s.w.s.handler.SimpleUrlHandlerMapping  : Mapped URL path [/**] onto handler of type [class org.springframework.web.servlet.resource.ResourceHttpRequestHandler]
2019-03-18 23:13:17.664  INFO 16471 --- [main] o.s.w.s.handler.SimpleUrlHandlerMapping  : Mapped URL path [/**/favicon.ico] onto handler of type [class org.springframework.web.servlet.resource.ResourceHttpRequestHandler]
2019-03-18 23:13:18.620  INFO 16471 --- [main] o.s.j.e.a.AnnotationMBeanExporter        : Registering beans for JMX exposure on startup
2019-03-18 23:13:18.622  INFO 16471 --- [main] o.s.j.e.a.AnnotationMBeanExporter        : Bean with name 'dataSource' has been autodetected for JMX exposure
2019-03-18 23:13:18.631  INFO 16471 --- [main] o.s.j.e.a.AnnotationMBeanExporter        : Bean with name 'configurationPropertiesRebinder' has been autodetected for JMX exposure
2019-03-18 23:13:18.632  INFO 16471 --- [main] o.s.j.e.a.AnnotationMBeanExporter        : Bean with name 'environmentManager' has been autodetected for JMX exposure
2019-03-18 23:13:18.633  INFO 16471 --- [main] o.s.j.e.a.AnnotationMBeanExporter        : Bean with name 'refreshScope' has been autodetected for JMX exposure
2019-03-18 23:13:18.638  INFO 16471 --- [main] o.s.j.e.a.AnnotationMBeanExporter        : Located managed bean 'environmentManager': registering with JMX server as MBean [org.springframework.cloud.context.environment:name=environmentManager,type=EnvironmentManager]
2019-03-18 23:13:18.656  INFO 16471 --- [main] o.s.j.e.a.AnnotationMBeanExporter        : Located managed bean 'refreshScope': registering with JMX server as MBean [org.springframework.cloud.context.scope.refresh:name=refreshScope,type=RefreshScope]
2019-03-18 23:13:18.667  INFO 16471 --- [main] o.s.j.e.a.AnnotationMBeanExporter        : Located managed bean 'configurationPropertiesRebinder': registering with JMX server as MBean [org.springframework.cloud.context.properties:name=configurationPropertiesRebinder,context=17aad511,type=ConfigurationPropertiesRebinder]
2019-03-18 23:13:18.674  INFO 16471 --- [main] o.s.j.e.a.AnnotationMBeanExporter        : Located MBean 'dataSource': registering with JMX server as MBean [com.alibaba.druid.pool:name=dataSource,type=DruidDataSource]
2019-03-18 23:13:18.693  WARN 16471 --- [main] figurationPropertiesBindingPostProcessor : The @ConfigurationProperties bean class net.unicon.cas.client.configuration.CasClientConfigurationProperties contains validation constraints but had not been annotated with @Validated.
2019-03-18 23:13:18.694  WARN 16471 --- [main] figurationPropertiesBindingPostProcessor : The @ConfigurationProperties bean class net.unicon.cas.client.configuration.CasClientConfigurationProperties contains validation constraints but had not been annotated with @Validated.
2019-03-18 23:13:18.694  WARN 16471 --- [main] figurationPropertiesBindingPostProcessor : The @ConfigurationProperties bean class net.unicon.cas.client.configuration.CasClientConfigurationProperties contains validation constraints but had not been annotated with @Validated.
2019-03-18 23:13:18.695  WARN 16471 --- [main] figurationPropertiesBindingPostProcessor : The @ConfigurationProperties bean class net.unicon.cas.client.configuration.CasClientConfigurationProperties contains validation constraints but had not been annotated with @Validated.
2019-03-18 23:13:18.696  WARN 16471 --- [main] figurationPropertiesBindingPostProcessor : The @ConfigurationProperties bean class net.unicon.cas.client.configuration.CasClientConfigurationProperties contains validation constraints but had not been annotated with @Validated.
2019-03-18 23:13:18.697  WARN 16471 --- [main] figurationPropertiesBindingPostProcessor : The @ConfigurationProperties bean class net.unicon.cas.client.configuration.CasClientConfigurationProperties contains validation constraints but had not been annotated with @Validated.
2019-03-18 23:13:18.908  INFO 16471 --- [main] s.b.c.e.t.TomcatEmbeddedServletContainer : Tomcat started on port(s): 8091 (http)
2019-03-18 23:13:18.913  INFO 16471 --- [main] client.SpringBootClientApplication       : Started SpringBootClientApplication in 9.056 seconds (JVM running for 9.584)
2019-03-18 23:13:26.510  INFO 16471 --- [http-nio-8091-exec-1] o.a.c.c.C.[Tomcat].[localhost].[/]       : Initializing Spring FrameworkServlet 'dispatcherServlet'
2019-03-18 23:13:26.511  INFO 16471 --- [http-nio-8091-exec-1] o.s.web.servlet.DispatcherServlet        : FrameworkServlet 'dispatcherServlet': initialization started
2019-03-18 23:13:26.544  INFO 16471 --- [http-nio-8091-exec-1] o.s.web.servlet.DispatcherServlet        : FrameworkServlet 'dispatcherServlet': initialization completed in 33 ms
2019-03-18 23:13:36.831  INFO 16471 --- [Thread-7] ationConfigEmbeddedWebApplicationContext : Closing org.springframework.boot.context.embedded.AnnotationConfigEmbeddedWebApplicationContext@17aad511: startup date [Mon Mar 18 23:13:13 CST 2019]; parent: org.springframework.context.annotation.AnnotationConfigApplicationContext@1677d1
2019-03-18 23:13:36.833  INFO 16471 --- [Thread-7] o.s.j.e.a.AnnotationMBeanExporter        : Unregistering JMX-exposed beans on shutdown
2019-03-18 23:13:36.834  INFO 16471 --- [Thread-7] o.s.j.e.a.AnnotationMBeanExporter        : Unregistering JMX-exposed beans
