2019-03-15 22:50:27.243  INFO 8039 --- [main] config.SsoConfigApplication              : The following profiles are active: native,dev
2019-03-15 22:50:27.265  INFO 8039 --- [main] s.c.a.AnnotationConfigApplicationContext : Refreshing org.springframework.context.annotation.AnnotationConfigApplicationContext@3a0d172f: startup date [Fri Mar 15 22:50:27 CST 2019]; parent: org.springframework.context.annotation.AnnotationConfigApplicationContext@23529fee
2019-03-15 22:50:27.757 ERROR 8039 --- [main] o.s.boot.SpringApplication               : Application startup failed

java.lang.IllegalStateException: Error processing condition on org.springframework.boot.actuate.autoconfigure.TraceWebFilterAutoConfiguration.webRequestLoggingFilter
	at org.springframework.boot.autoconfigure.condition.SpringBootCondition.matches(SpringBootCondition.java:64) ~[spring-boot-autoconfigure-1.5.6.RELEASE.jar:1.5.6.RELEASE]
	at org.springframework.context.annotation.ConditionEvaluator.shouldSkip(ConditionEvaluator.java:102) ~[spring-context-4.3.10.RELEASE.jar:4.3.10.RELEASE]
	at org.springframework.context.annotation.ConfigurationClassBeanDefinitionReader.loadBeanDefinitionsForBeanMethod(ConfigurationClassBeanDefinitionReader.java:178) ~[spring-context-4.3.10.RELEASE.jar:4.3.10.RELEASE]
	at org.springframework.context.annotation.ConfigurationClassBeanDefinitionReader.loadBeanDefinitionsForConfigurationClass(ConfigurationClassBeanDefinitionReader.java:140) ~[spring-context-4.3.10.RELEASE.jar:4.3.10.RELEASE]
	at org.springframework.context.annotation.ConfigurationClassBeanDefinitionReader.loadBeanDefinitions(ConfigurationClassBeanDefinitionReader.java:116) ~[spring-context-4.3.10.RELEASE.jar:4.3.10.RELEASE]
	at org.springframework.context.annotation.ConfigurationClassPostProcessor.processConfigBeanDefinitions(ConfigurationClassPostProcessor.java:320) ~[spring-context-4.3.10.RELEASE.jar:4.3.10.RELEASE]
	at org.springframework.context.annotation.ConfigurationClassPostProcessor.postProcessBeanDefinitionRegistry(ConfigurationClassPostProcessor.java:228) ~[spring-context-4.3.10.RELEASE.jar:4.3.10.RELEASE]
	at org.springframework.context.support.PostProcessorRegistrationDelegate.invokeBeanDefinitionRegistryPostProcessors(PostProcessorRegistrationDelegate.java:270) ~[spring-context-4.3.10.RELEASE.jar:4.3.10.RELEASE]
	at org.springframework.context.support.PostProcessorRegistrationDelegate.invokeBeanFactoryPostProcessors(PostProcessorRegistrationDelegate.java:93) ~[spring-context-4.3.10.RELEASE.jar:4.3.10.RELEASE]
	at org.springframework.context.support.AbstractApplicationContext.invokeBeanFactoryPostProcessors(AbstractApplicationContext.java:687) ~[spring-context-4.3.10.RELEASE.jar:4.3.10.RELEASE]
	at org.springframework.context.support.AbstractApplicationContext.refresh(AbstractApplicationContext.java:525) ~[spring-context-4.3.10.RELEASE.jar:4.3.10.RELEASE]
	at org.springframework.boot.SpringApplication.refresh(SpringApplication.java:693) [spring-boot-1.5.6.RELEASE.jar:1.5.6.RELEASE]
	at org.springframework.boot.SpringApplication.refreshContext(SpringApplication.java:360) [spring-boot-1.5.6.RELEASE.jar:1.5.6.RELEASE]
	at org.springframework.boot.SpringApplication.run(SpringApplication.java:303) [spring-boot-1.5.6.RELEASE.jar:1.5.6.RELEASE]
	at org.springframework.boot.SpringApplication.run(SpringApplication.java:1118) [spring-boot-1.5.6.RELEASE.jar:1.5.6.RELEASE]
	at org.springframework.boot.SpringApplication.run(SpringApplication.java:1107) [spring-boot-1.5.6.RELEASE.jar:1.5.6.RELEASE]
	at config.SsoConfigApplication.main(SsoConfigApplication.java:12) [classes/:na]
Caused by: java.lang.IllegalStateException: @ConditionalOnMissingBean did not specify a bean using type, name or annotation and the attempt to deduce the bean's type failed
	at org.springframework.boot.autoconfigure.condition.OnBeanCondition$BeanSearchSpec.validate(OnBeanCondition.java:309) ~[spring-boot-autoconfigure-1.5.6.RELEASE.jar:1.5.6.RELEASE]
	at org.springframework.boot.autoconfigure.condition.OnBeanCondition$BeanSearchSpec.<init>(OnBeanCondition.java:299) ~[spring-boot-autoconfigure-1.5.6.RELEASE.jar:1.5.6.RELEASE]
	at org.springframework.boot.autoconfigure.condition.OnBeanCondition.getMatchOutcome(OnBeanCondition.java:108) ~[spring-boot-autoconfigure-1.5.6.RELEASE.jar:1.5.6.RELEASE]
	at org.springframework.boot.autoconfigure.condition.SpringBootCondition.matches(SpringBootCondition.java:47) ~[spring-boot-autoconfigure-1.5.6.RELEASE.jar:1.5.6.RELEASE]
	... 16 common frames omitted
Caused by: org.springframework.boot.autoconfigure.condition.OnBeanCondition$BeanTypeDeductionException: Failed to deduce bean type for org.springframework.boot.actuate.autoconfigure.TraceWebFilterAutoConfiguration.webRequestLoggingFilter
	at org.springframework.boot.autoconfigure.condition.OnBeanCondition$BeanSearchSpec.addDeducedBeanTypeForBeanMethod(OnBeanCondition.java:362) ~[spring-boot-autoconfigure-1.5.6.RELEASE.jar:1.5.6.RELEASE]
	at org.springframework.boot.autoconfigure.condition.OnBeanCondition$BeanSearchSpec.addDeducedBeanType(OnBeanCondition.java:346) ~[spring-boot-autoconfigure-1.5.6.RELEASE.jar:1.5.6.RELEASE]
	at org.springframework.boot.autoconfigure.condition.OnBeanCondition$BeanSearchSpec.<init>(OnBeanCondition.java:293) ~[spring-boot-autoconfigure-1.5.6.RELEASE.jar:1.5.6.RELEASE]
	... 18 common frames omitted
Caused by: java.lang.NoClassDefFoundError: org/springframework/web/filter/OncePerRequestFilter
	at java.lang.ClassLoader.defineClass1(Native Method) ~[na:1.8.0_151]
	at java.lang.ClassLoader.defineClass(ClassLoader.java:763) ~[na:1.8.0_151]
	at java.security.SecureClassLoader.defineClass(SecureClassLoader.java:142) ~[na:1.8.0_151]
	at java.net.URLClassLoader.defineClass(URLClassLoader.java:467) ~[na:1.8.0_151]
	at java.net.URLClassLoader.access$100(URLClassLoader.java:73) ~[na:1.8.0_151]
	at java.net.URLClassLoader$1.run(URLClassLoader.java:368) ~[na:1.8.0_151]
	at java.net.URLClassLoader$1.run(URLClassLoader.java:362) ~[na:1.8.0_151]
	at java.security.AccessController.doPrivileged(Native Method) ~[na:1.8.0_151]
	at java.net.URLClassLoader.findClass(URLClassLoader.java:361) ~[na:1.8.0_151]
	at java.lang.ClassLoader.loadClass(ClassLoader.java:424) ~[na:1.8.0_151]
	at sun.misc.Launcher$AppClassLoader.loadClass(Launcher.java:335) ~[na:1.8.0_151]
	at java.lang.ClassLoader.loadClass(ClassLoader.java:357) ~[na:1.8.0_151]
	at org.springframework.util.ClassUtils.forName(ClassUtils.java:250) ~[spring-core-4.3.10.RELEASE.jar:4.3.10.RELEASE]
	at org.springframework.boot.autoconfigure.condition.OnBeanCondition$BeanSearchSpec.addDeducedBeanTypeForBeanMethod(OnBeanCondition.java:356) ~[spring-boot-autoconfigure-1.5.6.RELEASE.jar:1.5.6.RELEASE]
	... 20 common frames omitted
Caused by: java.lang.ClassNotFoundException: org.springframework.web.filter.OncePerRequestFilter
	at java.net.URLClassLoader.findClass(URLClassLoader.java:381) ~[na:1.8.0_151]
	at java.lang.ClassLoader.loadClass(ClassLoader.java:424) ~[na:1.8.0_151]
	at sun.misc.Launcher$AppClassLoader.loadClass(Launcher.java:335) ~[na:1.8.0_151]
	at java.lang.ClassLoader.loadClass(ClassLoader.java:357) ~[na:1.8.0_151]
	... 34 common frames omitted

2019-03-15 22:50:27.762  INFO 8039 --- [main] s.c.a.AnnotationConfigApplicationContext : Closing org.springframework.context.annotation.AnnotationConfigApplicationContext@3a0d172f: startup date [Fri Mar 15 22:50:27 CST 2019]; parent: org.springframework.context.annotation.AnnotationConfigApplicationContext@23529fee
2019-03-15 22:50:27.763  WARN 8039 --- [main] s.c.a.AnnotationConfigApplicationContext : Exception thrown from LifecycleProcessor on context close

java.lang.IllegalStateException: LifecycleProcessor not initialized - call 'refresh' before invoking lifecycle methods via the context: org.springframework.context.annotation.AnnotationConfigApplicationContext@3a0d172f: startup date [Fri Mar 15 22:50:27 CST 2019]; parent: org.springframework.context.annotation.AnnotationConfigApplicationContext@23529fee
	at org.springframework.context.support.AbstractApplicationContext.getLifecycleProcessor(AbstractApplicationContext.java:427) [spring-context-4.3.10.RELEASE.jar:4.3.10.RELEASE]
	at org.springframework.context.support.AbstractApplicationContext.doClose(AbstractApplicationContext.java:999) [spring-context-4.3.10.RELEASE.jar:4.3.10.RELEASE]
	at org.springframework.context.support.AbstractApplicationContext.close(AbstractApplicationContext.java:958) [spring-context-4.3.10.RELEASE.jar:4.3.10.RELEASE]
	at org.springframework.boot.SpringApplication.handleRunFailure(SpringApplication.java:750) [spring-boot-1.5.6.RELEASE.jar:1.5.6.RELEASE]
	at org.springframework.boot.SpringApplication.run(SpringApplication.java:314) [spring-boot-1.5.6.RELEASE.jar:1.5.6.RELEASE]
	at org.springframework.boot.SpringApplication.run(SpringApplication.java:1118) [spring-boot-1.5.6.RELEASE.jar:1.5.6.RELEASE]
	at org.springframework.boot.SpringApplication.run(SpringApplication.java:1107) [spring-boot-1.5.6.RELEASE.jar:1.5.6.RELEASE]
	at config.SsoConfigApplication.main(SsoConfigApplication.java:12) [classes/:na]

2019-03-15 22:50:27.764 ERROR 8039 --- [main] o.s.b.f.s.DefaultListableBeanFactory     : Destroy method on bean with name 'org.springframework.boot.autoconfigure.internalCachingMetadataReaderFactory' threw an exception

java.lang.IllegalStateException: ApplicationEventMulticaster not initialized - call 'refresh' before multicasting events via the context: org.springframework.context.annotation.AnnotationConfigApplicationContext@3a0d172f: startup date [Fri Mar 15 22:50:27 CST 2019]; parent: org.springframework.context.annotation.AnnotationConfigApplicationContext@23529fee
	at org.springframework.context.support.AbstractApplicationContext.getApplicationEventMulticaster(AbstractApplicationContext.java:414) [spring-context-4.3.10.RELEASE.jar:4.3.10.RELEASE]
	at org.springframework.context.support.ApplicationListenerDetector.postProcessBeforeDestruction(ApplicationListenerDetector.java:97) ~[spring-context-4.3.10.RELEASE.jar:4.3.10.RELEASE]
	at org.springframework.beans.factory.support.DisposableBeanAdapter.destroy(DisposableBeanAdapter.java:253) ~[spring-beans-4.3.10.RELEASE.jar:4.3.10.RELEASE]
	at org.springframework.beans.factory.support.DefaultSingletonBeanRegistry.destroyBean(DefaultSingletonBeanRegistry.java:578) [spring-beans-4.3.10.RELEASE.jar:4.3.10.RELEASE]
	at org.springframework.beans.factory.support.DefaultSingletonBeanRegistry.destroySingleton(DefaultSingletonBeanRegistry.java:554) [spring-beans-4.3.10.RELEASE.jar:4.3.10.RELEASE]
	at org.springframework.beans.factory.support.DefaultListableBeanFactory.destroySingleton(DefaultListableBeanFactory.java:961) [spring-beans-4.3.10.RELEASE.jar:4.3.10.RELEASE]
	at org.springframework.beans.factory.support.DefaultSingletonBeanRegistry.destroySingletons(DefaultSingletonBeanRegistry.java:523) [spring-beans-4.3.10.RELEASE.jar:4.3.10.RELEASE]
	at org.springframework.beans.factory.support.FactoryBeanRegistrySupport.destroySingletons(FactoryBeanRegistrySupport.java:230) [spring-beans-4.3.10.RELEASE.jar:4.3.10.RELEASE]
	at org.springframework.beans.factory.support.DefaultListableBeanFactory.destroySingletons(DefaultListableBeanFactory.java:968) [spring-beans-4.3.10.RELEASE.jar:4.3.10.RELEASE]
	at org.springframework.context.support.AbstractApplicationContext.destroyBeans(AbstractApplicationContext.java:1030) [spring-context-4.3.10.RELEASE.jar:4.3.10.RELEASE]
	at org.springframework.context.support.AbstractApplicationContext.doClose(AbstractApplicationContext.java:1006) [spring-context-4.3.10.RELEASE.jar:4.3.10.RELEASE]
	at org.springframework.context.support.AbstractApplicationContext.close(AbstractApplicationContext.java:958) [spring-context-4.3.10.RELEASE.jar:4.3.10.RELEASE]
	at org.springframework.boot.SpringApplication.handleRunFailure(SpringApplication.java:750) [spring-boot-1.5.6.RELEASE.jar:1.5.6.RELEASE]
	at org.springframework.boot.SpringApplication.run(SpringApplication.java:314) [spring-boot-1.5.6.RELEASE.jar:1.5.6.RELEASE]
	at org.springframework.boot.SpringApplication.run(SpringApplication.java:1118) [spring-boot-1.5.6.RELEASE.jar:1.5.6.RELEASE]
	at org.springframework.boot.SpringApplication.run(SpringApplication.java:1107) [spring-boot-1.5.6.RELEASE.jar:1.5.6.RELEASE]
	at config.SsoConfigApplication.main(SsoConfigApplication.java:12) [classes/:na]

